<?xml version="1.0" encoding="UTF-8"?>
<testng-results ignored="0" total="1" passed="1" failed="0" skipped="0">
  <reporter-output>
  </reporter-output>
  <suite started-at="2023-06-11T15:17:14 IST" name="Default suite" finished-at="2023-06-11T15:17:19 IST" duration-ms="4855">
    <groups>
    </groups>
    <test started-at="2023-06-11T15:17:14 IST" name="Default test" finished-at="2023-06-11T15:17:19 IST" duration-ms="4855">
      <class name="com.omayo.testcases.VerifyHomePage">
        <test-method is-config="true" signature="setup()[pri:0, instance:com.omayo.testcases.VerifyHomePage@1b1426f4]" started-at="2023-06-11T15:17:14 IST" name="setup" finished-at="2023-06-11T15:17:19 IST" duration-ms="4541" status="PASS">
          <reporter-output>
          </reporter-output>
        </test-method> <!-- setup -->
        <test-method signature="verifyUserAbleToSelectOptionsFromDropdown()[pri:0, instance:com.omayo.testcases.VerifyHomePage@1b1426f4]" started-at="2023-06-11T15:17:19 IST" name="verifyUserAbleToSelectOptionsFromDropdown" finished-at="2023-06-11T15:17:19 IST" duration-ms="101" status="PASS">
          <reporter-output>
          </reporter-output>
        </test-method> <!-- verifyUserAbleToSelectOptionsFromDropdown -->
        <test-method is-config="true" signature="tearDown(org.testng.ITestResult)[pri:0, instance:com.omayo.testcases.VerifyHomePage@1b1426f4]" started-at="2023-06-11T15:17:19 IST" name="tearDown" finished-at="2023-06-11T15:17:19 IST" duration-ms="187" status="PASS">
          <params>
            <param index="0">
              <value>
                <![CDATA[[TestResult name=verifyUserAbleToSelectOptionsFromDropdown status=SUCCESS method=VerifyHomePage.verifyUserAbleToSelectOptionsFromDropdown()[pri:0, instance:com.omayo.testcases.VerifyHomePage@1b1426f4] output={null}]]]>
              </value>
            </param>
          </params>
          <reporter-output>
          </reporter-output>
        </test-method> <!-- tearDown -->
      </class> <!-- com.omayo.testcases.VerifyHomePage -->
    </test> <!-- Default test -->
  </suite> <!-- Default suite -->
</testng-results>
